#
# There is insufficient memory for the Java Runtime Environment to continue.
# Native memory allocation (malloc) failed to allocate 2097152 bytes. Error detail: AllocateHeap
# Possible reasons:
#   The system is out of physical RAM or swap space
#   This process is running with CompressedOops enabled, and the Java Heap may be blocking the growth of the native heap
# Possible solutions:
#   Reduce memory load on the system
#   Increase physical memory or swap space
#   Check if swap backing store is full
#   Decrease Java heap size (-Xmx/-Xms)
#   Decrease number of Java threads
#   Decrease Java thread stack sizes (-Xss)
#   Set larger code cache with -XX:ReservedCodeCacheSize=
#   JVM is running with Unscaled Compressed Oops mode in which the Java heap is
#     placed in the first 4GB address space. The Java Heap base address is the
#     maximum limit for the native heap growth. Please use -XX:HeapBaseMinAddress
#     to set the Java Heap base and to place the Java Heap above 4GB virtual address.
# This output file may be truncated or incomplete.
#
#  Out of Memory Error (allocation.cpp:44), pid=28336, tid=28008
#
# JRE version: OpenJDK Runtime Environment Temurin-17.0.12+7 (17.0.12+7) (build 17.0.12+7)
# Java VM: OpenJDK 64-Bit Server VM Temurin-17.0.12+7 (17.0.12+7, mixed mode, emulated-client, tiered, compressed oops, compressed class ptrs, g1 gc, windows-amd64)
# No core dump will be written. Minidumps are not enabled by default on client versions of Windows
#

---------------  S U M M A R Y ------------

Command Line: -Xmx1024m -Dsts.lsp.client=vscode -Dsts.log.file=/dev/null -XX:TieredStopAtLevel=1 -Xlog:jni+resolve=off -Dspring.config.location=file:c:\Users\cauao\.vscode\extensions\vmware.vscode-spring-boot-1.56.0\language-server\BOOT-INF\classes\application.properties org.springframework.ide.vscode.boot.app.BootLanguageServerBootApp

Host: AMD Ryzen 7 5700U with Radeon Graphics         , 16 cores, 9G,  Windows 11 , 64 bit Build 22621 (10.0.22621.3958)
Time: Sun Sep  8 17:34:17 2024 Hora oficial do Brasil elapsed time: 24331.316803 seconds (0d 6h 45m 31s)

---------------  T H R E A D  ---------------

Current thread (0x000001a7f101c6a0):  VMThread "VM Thread" [stack: 0x0000001ca5200000,0x0000001ca5300000] [id=28008]

Stack: [0x0000001ca5200000,0x0000001ca5300000]
Native frames: (J=compiled Java code, j=interpreted, Vv=VM code, C=native code)
V  [jvm.dll+0x67f929]
V  [jvm.dll+0x8371ba]
V  [jvm.dll+0x838c7e]
V  [jvm.dll+0x8392e3]
V  [jvm.dll+0x24834f]
V  [jvm.dll+0xa70d3]
V  [jvm.dll+0x2f9101]
V  [jvm.dll+0x2f4d00]
V  [jvm.dll+0x2dd82f]
V  [jvm.dll+0x3201f7]
V  [jvm.dll+0x83d7dd]
V  [jvm.dll+0x83e522]
V  [jvm.dll+0x83ea4f]
V  [jvm.dll+0x83ee34]
V  [jvm.dll+0x83ef00]
V  [jvm.dll+0x7e65dc]
V  [jvm.dll+0x67e7f7]
C  [ucrtbase.dll+0x29333]
C  [KERNEL32.DLL+0x1257d]
C  [ntdll.dll+0x5af28]

VM_Operation (0x0000001ca70feeb0): G1CollectFull, mode: safepoint, requested by thread 0x000001a7f2addcc0


---------------  P R O C E S S  ---------------

Threads class SMR info:
_java_thread_list=0x000001a7f1f89db0, length=36, elements={
0x000001a7f1035390, 0x000001a7f1036120, 0x000001a7f105da20, 0x000001a7f10605c0,
0x000001a7f10622b0, 0x000001a7f1062b80, 0x000001a7f10770c0, 0x000001a7f107aed0,
0x000001a7f127c670, 0x000001a7f1289130, 0x000001a7f2add440, 0x000001a7f2addcc0,
0x000001a7f2a94870, 0x000001a7e15887c0, 0x000001a7f2b55880, 0x000001a7f2b8a810,
0x000001a7f2bac600, 0x000001a7f2baa7a0, 0x000001a7f2babbe0, 0x000001a7f2ba9d80,
0x000001a7f2ba9870, 0x000001a7f2bad020, 0x000001a7f2baa290, 0x000001a7f3f12f20,
0x000001a7f3f13430, 0x000001a7f3f13940, 0x000001a7f3f0f770, 0x000001a7f3f115d0,
0x000001a7f3f0bfc0, 0x000001a7f3f0d910, 0x000001a7f3f0d400, 0x000001a7f3f0e840,
0x000001a7f3f0ed50, 0x000001a7f3f11ae0, 0x000001a7f3f0fc80, 0x000001a7f3f10190
}

Java Threads: ( => current thread )
  0x000001a7f1035390 JavaThread "Reference Handler" daemon [_thread_blocked, id=30336, stack(0x0000001ca5300000,0x0000001ca5400000)]
  0x000001a7f1036120 JavaThread "Finalizer" daemon [_thread_blocked, id=12712, stack(0x0000001ca5400000,0x0000001ca5500000)]
  0x000001a7f105da20 JavaThread "Signal Dispatcher" daemon [_thread_blocked, id=16984, stack(0x0000001ca5500000,0x0000001ca5600000)]
  0x000001a7f10605c0 JavaThread "Attach Listener" daemon [_thread_blocked, id=5532, stack(0x0000001ca5600000,0x0000001ca5700000)]
  0x000001a7f10622b0 JavaThread "Service Thread" daemon [_thread_blocked, id=29752, stack(0x0000001ca5700000,0x0000001ca5800000)]
  0x000001a7f1062b80 JavaThread "Monitor Deflation Thread" daemon [_thread_blocked, id=18656, stack(0x0000001ca5800000,0x0000001ca5900000)]
  0x000001a7f10770c0 JavaThread "C1 CompilerThread0" daemon [_thread_blocked, id=18536, stack(0x0000001ca5900000,0x0000001ca5a00000)]
  0x000001a7f107aed0 JavaThread "Sweeper thread" daemon [_thread_blocked, id=27468, stack(0x0000001ca5a00000,0x0000001ca5b00000)]
  0x000001a7f127c670 JavaThread "Notification Thread" daemon [_thread_blocked, id=23356, stack(0x0000001ca5d00000,0x0000001ca5e00000)]
  0x000001a7f1289130 JavaThread "Common-Cleaner" daemon [_thread_blocked, id=31852, stack(0x0000001ca5f00000,0x0000001ca6000000)]
  0x000001a7f2add440 JavaThread "boundedElastic-evictor-1" daemon [_thread_blocked, id=35312, stack(0x0000001ca6f00000,0x0000001ca7000000)]
  0x000001a7f2addcc0 JavaThread "pool-13-thread-1" [_thread_blocked, id=30360, stack(0x0000001ca7000000,0x0000001ca7100000)]
  0x000001a7f2a94870 JavaThread "LanguageServerApp-lifecycle" [_thread_blocked, id=26504, stack(0x0000001ca7100000,0x0000001ca7200000)]
  0x000001a7e15887c0 JavaThread "DestroyJavaVM" [_thread_blocked, id=33268, stack(0x0000001ca4c00000,0x0000001ca4d00000)]
  0x000001a7f2b55880 JavaThread "pool-14-thread-1" [_thread_in_native, id=31448, stack(0x0000001ca7200000,0x0000001ca7300000)]
  0x000001a7f2b8a810 JavaThread "Simple-Language-Server main thread" daemon [_thread_blocked, id=32880, stack(0x0000001ca7300000,0x0000001ca7400000)]
  0x000001a7f2bac600 JavaThread "parallel-1" daemon [_thread_blocked, id=21628, stack(0x0000001ca7600000,0x0000001ca7700000)]
  0x000001a7f2baa7a0 JavaThread "pool-6-thread-1" [_thread_blocked, id=26176, stack(0x0000001ca7700000,0x0000001ca7800000)]
  0x000001a7f2babbe0 JavaThread "parallel-2" daemon [_thread_blocked, id=26012, stack(0x0000001ca7800000,0x0000001ca7900000)]
  0x000001a7f2ba9d80 JavaThread "parallel-3" daemon [_thread_blocked, id=24444, stack(0x0000001ca7900000,0x0000001ca7a00000)]
  0x000001a7f2ba9870 JavaThread "parallel-4" daemon [_thread_blocked, id=24472, stack(0x0000001ca7a00000,0x0000001ca7b00000)]
  0x000001a7f2bad020 JavaThread "parallel-5" daemon [_thread_blocked, id=34088, stack(0x0000001ca7b00000,0x0000001ca7c00000)]
  0x000001a7f2baa290 JavaThread "Reconciler-1" daemon [_thread_blocked, id=26416, stack(0x0000001ca7d00000,0x0000001ca7e00000)]
  0x000001a7f3f12f20 JavaThread "parallel-6" daemon [_thread_blocked, id=3068, stack(0x0000001ca8700000,0x0000001ca8800000)]
  0x000001a7f3f13430 JavaThread "pool-8-thread-1" [_thread_blocked, id=19476, stack(0x0000001ca4900000,0x0000001ca4a00000)]
  0x000001a7f3f13940 JavaThread "parallel-7" daemon [_thread_blocked, id=28760, stack(0x0000001ca4a00000,0x0000001ca4b00000)]
  0x000001a7f3f0f770 JavaThread "parallel-8" daemon [_thread_blocked, id=22668, stack(0x0000001ca7500000,0x0000001ca7600000)]
  0x000001a7f3f115d0 JavaThread "parallel-9" daemon [_thread_blocked, id=18992, stack(0x0000001ca4b00000,0x0000001ca4c00000)]
  0x000001a7f3f0bfc0 JavaThread "parallel-10" daemon [_thread_blocked, id=28324, stack(0x0000001ca7400000,0x0000001ca7500000)]
  0x000001a7f3f0d910 JavaThread "parallel-11" daemon [_thread_blocked, id=36284, stack(0x0000001ca7e00000,0x0000001ca7f00000)]
  0x000001a7f3f0d400 JavaThread "CompletableFutureDelayScheduler" daemon [_thread_blocked, id=12852, stack(0x0000001ca8600000,0x0000001ca8700000)]
  0x000001a7f3f0e840 JavaThread "parallel-12" daemon [_thread_blocked, id=35164, stack(0x0000001ca8400000,0x0000001ca8500000)]
  0x000001a7f3f0ed50 JavaThread "parallel-13" daemon [_thread_blocked, id=14552, stack(0x0000001ca8a00000,0x0000001ca8b00000)]
  0x000001a7f3f11ae0 JavaThread "parallel-14" daemon [_thread_blocked, id=10428, stack(0x0000001ca8900000,0x0000001ca8a00000)]
  0x000001a7f3f0fc80 JavaThread "parallel-15" daemon [_thread_blocked, id=13868, stack(0x0000001ca8c00000,0x0000001ca8d00000)]
  0x000001a7f3f10190 JavaThread "parallel-16" daemon [_thread_blocked, id=19016, stack(0x0000001ca8b00000,0x0000001ca8c00000)]

Other Threads:
=>0x000001a7f101c6a0 VMThread "VM Thread" [stack: 0x0000001ca5200000,0x0000001ca5300000] [id=28008]
  0x000001a7f127eb60 WatcherThread [stack: 0x0000001ca5e00000,0x0000001ca5f00000] [id=14980]
  0x000001a7e15c64a0 GCTaskThread "GC Thread#0" [stack: 0x0000001ca4d00000,0x0000001ca4e00000] [id=25768]
  0x000001a7f1bfecf0 GCTaskThread "GC Thread#1" [stack: 0x0000001ca6100000,0x0000001ca6200000] [id=21032]
  0x000001a7f12134a0 GCTaskThread "GC Thread#2" [stack: 0x0000001ca6200000,0x0000001ca6300000] [id=12540]
  0x000001a7f1dc0780 GCTaskThread "GC Thread#3" [stack: 0x0000001ca6300000,0x0000001ca6400000] [id=16860]
  0x000001a7f2040060 GCTaskThread "GC Thread#4" [stack: 0x0000001ca6400000,0x0000001ca6500000] [id=28532]
  0x000001a7f2050cb0 GCTaskThread "GC Thread#5" [stack: 0x0000001ca6500000,0x0000001ca6600000] [id=14136]
  0x000001a7f245ac80 GCTaskThread "GC Thread#6" [stack: 0x0000001ca6700000,0x0000001ca6800000] [id=37444]
  0x000001a7f245b350 GCTaskThread "GC Thread#7" [stack: 0x0000001ca6800000,0x0000001ca6900000] [id=21700]
  0x000001a7f245b610 GCTaskThread "GC Thread#8" [stack: 0x0000001ca6900000,0x0000001ca6a00000] [id=10328]
  0x000001a7f245bae0 GCTaskThread "GC Thread#9" [stack: 0x0000001ca6a00000,0x0000001ca6b00000] [id=21708]
  0x000001a7f24663a0 GCTaskThread "GC Thread#10" [stack: 0x0000001ca6b00000,0x0000001ca6c00000] [id=33076]
  0x000001a7f2464da0 GCTaskThread "GC Thread#11" [stack: 0x0000001ca6c00000,0x0000001ca6d00000] [id=29928]
  0x000001a7f2464ae0 GCTaskThread "GC Thread#12" [stack: 0x0000001ca6600000,0x0000001ca6700000] [id=36496]
  0x000001a7e15cf300 ConcurrentGCThread "G1 Main Marker" [stack: 0x0000001ca4e00000,0x0000001ca4f00000] [id=30220]
  0x000001a7e15cfc30 ConcurrentGCThread "G1 Conc#0" [stack: 0x0000001ca4f00000,0x0000001ca5000000] [id=35540]
  0x000001a7f24660e0 ConcurrentGCThread "G1 Conc#1" [stack: 0x0000001ca6d00000,0x0000001ca6e00000] [id=2408]
  0x000001a7f2465060 ConcurrentGCThread "G1 Conc#2" [stack: 0x0000001ca6e00000,0x0000001ca6f00000] [id=17968]
  0x000001a7ecb45910 ConcurrentGCThread "G1 Refine#0" [stack: 0x0000001ca5000000,0x0000001ca5100000] [id=27508]
  0x000001a7ecb46250 ConcurrentGCThread "G1 Service" [stack: 0x0000001ca5100000,0x0000001ca5200000] [id=35348]

Threads with active compile tasks:

VM state: at safepoint (normal execution)

VM Mutex/Monitor currently owned by a thread:  ([mutex/lock_event])
[0x000001a7e1584f00] Threads_lock - owner thread: 0x000001a7f101c6a0
[0x000001a7e1585800] Heap_lock - owner thread: 0x000001a7f2addcc0

Heap address: 0x00000000c0000000, size: 1024 MB, Compressed Oops mode: 32-bit

CDS archive(s) not mapped
Compressed class space mapped at: 0x0000000100000000-0x0000000140000000, reserved size: 1073741824
Narrow klass base: 0x0000000000000000, Narrow klass shift: 3, Narrow klass range: 0x140000000

GC Precious Log:
 CPUs: 16 total, 16 available
 Memory: 10085M
 Large Page Support: Disabled
 NUMA Support: Disabled
 Compressed Oops: Enabled (32-bit)
 Heap Region Size: 1M
 Heap Min Capacity: 8M
 Heap Initial Capacity: 158M
 Heap Max Capacity: 1G
 Pre-touch: Disabled
 Parallel Workers: 13
 Concurrent Workers: 3
 Concurrent Refinement Workers: 13
 Periodic GC: Disabled

Heap:
 garbage-first heap   total 130048K, used 37988K [0x00000000c0000000, 0x0000000100000000)
  region size 1024K, 1 young (1024K), 0 survivors (0K)
 Metaspace       used 63200K, committed 63680K, reserved 1114112K
  class space    used 7755K, committed 8000K, reserved 1048576K

Heap Regions: E=young(eden), S=young(survivor), O=old, HS=humongous(starts), HC=humongous(continues), CS=collection set, F=free, OA=open archive, CA=closed archive, TAMS=top-at-mark-start (previous, next)
|   0|0x00000000c0000000, 0x00000000c0100000, 0x00000000c0100000|100%|HS|  |TAMS 0x00000000c0100000, 0x00000000c0000000| Untracked 
|   1|0x00000000c0100000, 0x00000000c0200000, 0x00000000c0200000|100%|HC|  |TAMS 0x00000000c0200000, 0x00000000c0100000| Untracked 
|   2|0x00000000c0200000, 0x00000000c0300000, 0x00000000c0300000|100%|HC|  |TAMS 0x00000000c0300000, 0x00000000c0200000| Untracked 
|   3|0x00000000c0300000, 0x00000000c0400000, 0x00000000c0400000|100%|HC|  |TAMS 0x00000000c0400000, 0x00000000c0300000| Untracked 
|   4|0x00000000c0400000, 0x00000000c0500000, 0x00000000c0500000|100%|HS|  |TAMS 0x00000000c0500000, 0x00000000c0400000| Untracked 
|   5|0x00000000c0500000, 0x00000000c0600000, 0x00000000c0600000|100%|HC|  |TAMS 0x00000000c0600000, 0x00000000c0500000| Untracked 
|   6|0x00000000c0600000, 0x00000000c0700000, 0x00000000c0700000|100%| O|  |TAMS 0x00000000c0700000, 0x00000000c0600000| Untracked 
|   7|0x00000000c0700000, 0x00000000c0800000, 0x00000000c0800000|100%| O|  |TAMS 0x00000000c0800000, 0x00000000c0700000| Untracked 
|   8|0x00000000c0800000, 0x00000000c08fffa8, 0x00000000c0900000| 99%| O|  |TAMS 0x00000000c08fffa8, 0x00000000c0800000| Untracked 
|   9|0x00000000c0900000, 0x00000000c0a00000, 0x00000000c0a00000|100%| O|  |TAMS 0x00000000c0a00000, 0x00000000c0900000| Untracked 
|  10|0x00000000c0a00000, 0x00000000c0b00000, 0x00000000c0b00000|100%| O|  |TAMS 0x00000000c0b00000, 0x00000000c0a00000| Untracked 
|  11|0x00000000c0b00000, 0x00000000c0c00000, 0x00000000c0c00000|100%| O|  |TAMS 0x00000000c0c00000, 0x00000000c0b00000| Untracked 
|  12|0x00000000c0c00000, 0x00000000c0cffff8, 0x00000000c0d00000| 99%| O|  |TAMS 0x00000000c0cffff8, 0x00000000c0c00000| Untracked 
|  13|0x00000000c0d00000, 0x00000000c0dfffa0, 0x00000000c0e00000| 99%| O|  |TAMS 0x00000000c0dfffa0, 0x00000000c0d00000| Untracked 
|  14|0x00000000c0e00000, 0x00000000c0f00000, 0x00000000c0f00000|100%| O|  |TAMS 0x00000000c0f00000, 0x00000000c0e00000| Untracked 
|  15|0x00000000c0f00000, 0x00000000c0ffffd0, 0x00000000c1000000| 99%| O|  |TAMS 0x00000000c0ffffd0, 0x00000000c0f00000| Untracked 
|  16|0x00000000c1000000, 0x00000000c10fffb8, 0x00000000c1100000| 99%| O|  |TAMS 0x00000000c10fffb8, 0x00000000c1000000| Untracked 
|  17|0x00000000c1100000, 0x00000000c1200000, 0x00000000c1200000|100%| O|  |TAMS 0x00000000c1200000, 0x00000000c1100000| Untracked 
|  18|0x00000000c1200000, 0x00000000c12ffff8, 0x00000000c1300000| 99%| O|  |TAMS 0x00000000c12ffff8, 0x00000000c1200000| Untracked 
|  19|0x00000000c1300000, 0x00000000c13fffb8, 0x00000000c1400000| 99%| O|  |TAMS 0x00000000c13fffb8, 0x00000000c1300000| Untracked 
|  20|0x00000000c1400000, 0x00000000c14ffff8, 0x00000000c1500000| 99%| O|  |TAMS 0x00000000c14ffff8, 0x00000000c1400000| Untracked 
|  21|0x00000000c1500000, 0x00000000c15f80f8, 0x00000000c1600000| 96%| O|  |TAMS 0x00000000c15f80f8, 0x00000000c1500000| Untracked 
|  22|0x00000000c1600000, 0x00000000c1700000, 0x00000000c1700000|100%| O|  |TAMS 0x00000000c1700000, 0x00000000c1600000| Untracked 
|  23|0x00000000c1700000, 0x00000000c17ffff0, 0x00000000c1800000| 99%| O|  |TAMS 0x00000000c17ffff0, 0x00000000c1700000| Untracked 
|  24|0x00000000c1800000, 0x00000000c18fffe8, 0x00000000c1900000| 99%| O|  |TAMS 0x00000000c18fffe8, 0x00000000c1800000| Untracked 
|  25|0x00000000c1900000, 0x00000000c19ffff8, 0x00000000c1a00000| 99%| O|  |TAMS 0x00000000c19ffff8, 0x00000000c1900000| Untracked 
|  26|0x00000000c1a00000, 0x00000000c1affff0, 0x00000000c1b00000| 99%| O|  |TAMS 0x00000000c1affff0, 0x00000000c1a00000| Untracked 
|  27|0x00000000c1b00000, 0x00000000c1bff460, 0x00000000c1c00000| 99%| O|  |TAMS 0x00000000c1bff460, 0x00000000c1b00000| Untracked 
|  28|0x00000000c1c00000, 0x00000000c1cfffe8, 0x00000000c1d00000| 99%| O|  |TAMS 0x00000000c1cfffe8, 0x00000000c1c00000| Untracked 
|  29|0x00000000c1d00000, 0x00000000c1df7b50, 0x00000000c1e00000| 96%| O|  |TAMS 0x00000000c1df7b50, 0x00000000c1d00000| Untracked 
|  30|0x00000000c1e00000, 0x00000000c1efffe8, 0x00000000c1f00000| 99%| O|  |TAMS 0x00000000c1efffe8, 0x00000000c1e00000| Untracked 
|  31|0x00000000c1f00000, 0x00000000c1fffd18, 0x00000000c2000000| 99%| O|  |TAMS 0x00000000c1fffd18, 0x00000000c1f00000| Untracked 
|  32|0x00000000c2000000, 0x00000000c20ffe18, 0x00000000c2100000| 99%| O|  |TAMS 0x00000000c20ffe18, 0x00000000c2000000| Untracked 
|  33|0x00000000c2100000, 0x00000000c2200000, 0x00000000c2200000|100%| O|  |TAMS 0x00000000c2200000, 0x00000000c2100000| Untracked 
|  34|0x00000000c2200000, 0x00000000c2300000, 0x00000000c2300000|100%| O|  |TAMS 0x00000000c2300000, 0x00000000c2200000| Untracked 
|  35|0x00000000c2300000, 0x00000000c23c8810, 0x00000000c2400000| 78%| O|  |TAMS 0x00000000c2300000, 0x00000000c2300000| Untracked 
|  36|0x00000000c2400000, 0x00000000c24ff638, 0x00000000c2500000| 99%| O|  |TAMS 0x00000000c24ff638, 0x00000000c2400000| Untracked 
|  37|0x00000000c2500000, 0x00000000c2562858, 0x00000000c2600000| 38%| O|  |TAMS 0x00000000c2500000, 0x00000000c2500000| Untracked 
|  38|0x00000000c2600000, 0x00000000c2600000, 0x00000000c2700000|  0%| F|  |TAMS 0x00000000c2600000, 0x00000000c2600000| Untracked 
|  39|0x00000000c2700000, 0x00000000c2700000, 0x00000000c2800000|  0%| F|  |TAMS 0x00000000c2700000, 0x00000000c2700000| Untracked 
|  40|0x00000000c2800000, 0x00000000c2800000, 0x00000000c2900000|  0%| F|  |TAMS 0x00000000c2800000, 0x00000000c2800000| Untracked 
|  41|0x00000000c2900000, 0x00000000c2900000, 0x00000000c2a00000|  0%| F|  |TAMS 0x00000000c2900000, 0x00000000c2900000| Untracked 
|  42|0x00000000c2a00000, 0x00000000c2a00000, 0x00000000c2b00000|  0%| F|  |TAMS 0x00000000c2a00000, 0x00000000c2a00000| Untracked 
|  43|0x00000000c2b00000, 0x00000000c2b00000, 0x00000000c2c00000|  0%| F|  |TAMS 0x00000000c2b00000, 0x00000000c2b00000| Untracked 
|  44|0x00000000c2c00000, 0x00000000c2c00000, 0x00000000c2d00000|  0%| F|  |TAMS 0x00000000c2c00000, 0x00000000c2c00000| Untracked 
|  45|0x00000000c2d00000, 0x00000000c2d00000, 0x00000000c2e00000|  0%| F|  |TAMS 0x00000000c2d00000, 0x00000000c2d00000| Untracked 
|  46|0x00000000c2e00000, 0x00000000c2e00000, 0x00000000c2f00000|  0%| F|  |TAMS 0x00000000c2e00000, 0x00000000c2e00000| Untracked 
|  47|0x00000000c2f00000, 0x00000000c2f00000, 0x00000000c3000000|  0%| F|  |TAMS 0x00000000c2f00000, 0x00000000c2f00000| Untracked 
|  48|0x00000000c3000000, 0x00000000c3000000, 0x00000000c3100000|  0%| F|  |TAMS 0x00000000c3000000, 0x00000000c3000000| Untracked 
|  49|0x00000000c3100000, 0x00000000c3100000, 0x00000000c3200000|  0%| F|  |TAMS 0x00000000c3100000, 0x00000000c3100000| Untracked 
|  50|0x00000000c3200000, 0x00000000c3200000, 0x00000000c3300000|  0%| F|  |TAMS 0x00000000c3200000, 0x00000000c3200000| Untracked 
|  51|0x00000000c3300000, 0x00000000c3300000, 0x00000000c3400000|  0%| F|  |TAMS 0x00000000c3300000, 0x00000000c3300000| Untracked 
|  52|0x00000000c3400000, 0x00000000c3400000, 0x00000000c3500000|  0%| F|  |TAMS 0x00000000c3400000, 0x00000000c3400000| Untracked 
|  53|0x00000000c3500000, 0x00000000c3500000, 0x00000000c3600000|  0%| F|  |TAMS 0x00000000c3500000, 0x00000000c3500000| Untracked 
|  54|0x00000000c3600000, 0x00000000c3600000, 0x00000000c3700000|  0%| F|  |TAMS 0x00000000c3600000, 0x00000000c3600000| Untracked 
|  55|0x00000000c3700000, 0x00000000c3700000, 0x00000000c3800000|  0%| F|  |TAMS 0x00000000c3700000, 0x00000000c3700000| Untracked 
|  56|0x00000000c3800000, 0x00000000c3800000, 0x00000000c3900000|  0%| F|  |TAMS 0x00000000c3800000, 0x00000000c3800000| Untracked 
|  57|0x00000000c3900000, 0x00000000c3900000, 0x00000000c3a00000|  0%| F|  |TAMS 0x00000000c3900000, 0x00000000c3900000| Untracked 
|  58|0x00000000c3a00000, 0x00000000c3a00000, 0x00000000c3b00000|  0%| F|  |TAMS 0x00000000c3a00000, 0x00000000c3a00000| Untracked 
|  59|0x00000000c3b00000, 0x00000000c3b00000, 0x00000000c3c00000|  0%| F|  |TAMS 0x00000000c3b00000, 0x00000000c3b00000| Untracked 
|  60|0x00000000c3c00000, 0x00000000c3c00000, 0x00000000c3d00000|  0%| F|  |TAMS 0x00000000c3c00000, 0x00000000c3c00000| Untracked 
|  61|0x00000000c3d00000, 0x00000000c3d00000, 0x00000000c3e00000|  0%| F|  |TAMS 0x00000000c3d00000, 0x00000000c3d00000| Untracked 
|  62|0x00000000c3e00000, 0x00000000c3e00000, 0x00000000c3f00000|  0%| F|  |TAMS 0x00000000c3e00000, 0x00000000c3e00000| Untracked 
|  63|0x00000000c3f00000, 0x00000000c3f00000, 0x00000000c4000000|  0%| F|  |TAMS 0x00000000c3f00000, 0x00000000c3f00000| Untracked 
|  64|0x00000000c4000000, 0x00000000c4000000, 0x00000000c4100000|  0%| F|  |TAMS 0x00000000c4000000, 0x00000000c4000000| Untracked 
|  65|0x00000000c4100000, 0x00000000c4100000, 0x00000000c4200000|  0%| F|  |TAMS 0x00000000c4100000, 0x00000000c4100000| Untracked 
|  66|0x00000000c4200000, 0x00000000c4200000, 0x00000000c4300000|  0%| F|  |TAMS 0x00000000c4200000, 0x00000000c4200000| Untracked 
|  67|0x00000000c4300000, 0x00000000c4300000, 0x00000000c4400000|  0%| F|  |TAMS 0x00000000c4300000, 0x00000000c4300000| Untracked 
|  68|0x00000000c4400000, 0x00000000c4400000, 0x00000000c4500000|  0%| F|  |TAMS 0x00000000c4400000, 0x00000000c4400000| Untracked 
|  69|0x00000000c4500000, 0x00000000c4500000, 0x00000000c4600000|  0%| F|  |TAMS 0x00000000c4500000, 0x00000000c4500000| Untracked 
|  70|0x00000000c4600000, 0x00000000c4600000, 0x00000000c4700000|  0%| F|  |TAMS 0x00000000c4600000, 0x00000000c4600000| Untracked 
|  71|0x00000000c4700000, 0x00000000c4700000, 0x00000000c4800000|  0%| F|  |TAMS 0x00000000c4700000, 0x00000000c4700000| Untracked 
|  72|0x00000000c4800000, 0x00000000c4800000, 0x00000000c4900000|  0%| F|  |TAMS 0x00000000c4800000, 0x00000000c4800000| Untracked 
|  73|0x00000000c4900000, 0x00000000c4900000, 0x00000000c4a00000|  0%| F|  |TAMS 0x00000000c4900000, 0x00000000c4900000| Untracked 
|  74|0x00000000c4a00000, 0x00000000c4a00000, 0x00000000c4b00000|  0%| F|  |TAMS 0x00000000c4a00000, 0x00000000c4a00000| Untracked 
|  75|0x00000000c4b00000, 0x00000000c4b00000, 0x00000000c4c00000|  0%| F|  |TAMS 0x00000000c4b00000, 0x00000000c4b00000| Untracked 
|  76|0x00000000c4c00000, 0x00000000c4c00000, 0x00000000c4d00000|  0%| F|  |TAMS 0x00000000c4c00000, 0x00000000c4c00000| Untracked 
|  77|0x00000000c4d00000, 0x00000000c4d00000, 0x00000000c4e00000|  0%| F|  |TAMS 0x00000000c4d00000, 0x00000000c4d00000| Untracked 
|  78|0x00000000c4e00000, 0x00000000c4e00000, 0x00000000c4f00000|  0%| F|  |TAMS 0x00000000c4e00000, 0x00000000c4e00000| Untracked 
|  79|0x00000000c4f00000, 0x00000000c4f00000, 0x00000000c5000000|  0%| F|  |TAMS 0x00000000c4f00000, 0x00000000c4f00000| Untracked 
|  80|0x00000000c5000000, 0x00000000c5000000, 0x00000000c5100000|  0%| F|  |TAMS 0x00000000c5000000, 0x00000000c5000000| Untracked 
|  81|0x00000000c5100000, 0x00000000c5100000, 0x00000000c5200000|  0%| F|  |TAMS 0x00000000c5100000, 0x00000000c5100000| Untracked 
|  82|0x00000000c5200000, 0x00000000c5200000, 0x00000000c5300000|  0%| F|  |TAMS 0x00000000c5200000, 0x00000000c5200000| Untracked 
|  83|0x00000000c5300000, 0x00000000c5300000, 0x00000000c5400000|  0%| F|  |TAMS 0x00000000c5300000, 0x00000000c5300000| Untracked 
|  84|0x00000000c5400000, 0x00000000c5400000, 0x00000000c5500000|  0%| F|  |TAMS 0x00000000c5400000, 0x00000000c5400000| Untracked 
|  85|0x00000000c5500000, 0x00000000c5500000, 0x00000000c5600000|  0%| F|  |TAMS 0x00000000c5500000, 0x00000000c5500000| Untracked 
|  86|0x00000000c5600000, 0x00000000c5600000, 0x00000000c5700000|  0%| F|  |TAMS 0x00000000c5600000, 0x00000000c5600000| Untracked 
|  87|0x00000000c5700000, 0x00000000c5700000, 0x00000000c5800000|  0%| F|  |TAMS 0x00000000c5700000, 0x00000000c5700000| Untracked 
|  88|0x00000000c5800000, 0x00000000c5800000, 0x00000000c5900000|  0%| F|  |TAMS 0x00000000c5800000, 0x00000000c5800000| Untracked 
|  89|0x00000000c5900000, 0x00000000c5900000, 0x00000000c5a00000|  0%| F|  |TAMS 0x00000000c5900000, 0x00000000c5900000| Untracked 
|  90|0x00000000c5a00000, 0x00000000c5a00000, 0x00000000c5b00000|  0%| F|  |TAMS 0x00000000c5a00000, 0x00000000c5a00000| Untracked 
|  91|0x00000000c5b00000, 0x00000000c5b00000, 0x00000000c5c00000|  0%| F|  |TAMS 0x00000000c5b00000, 0x00000000c5b00000| Untracked 
|  92|0x00000000c5c00000, 0x00000000c5c00000, 0x00000000c5d00000|  0%| F|  |TAMS 0x00000000c5c00000, 0x00000000c5c00000| Untracked 
|  93|0x00000000c5d00000, 0x00000000c5d00000, 0x00000000c5e00000|  0%| F|  |TAMS 0x00000000c5d00000, 0x00000000c5d00000| Untracked 
|  94|0x00000000c5e00000, 0x00000000c5e00000, 0x00000000c5f00000|  0%| F|  |TAMS 0x00000000c5e00000, 0x00000000c5e00000| Untracked 
|  95|0x00000000c5f00000, 0x00000000c5f00000, 0x00000000c6000000|  0%| F|  |TAMS 0x00000000c5f00000, 0x00000000c5f00000| Untracked 
|  96|0x00000000c6000000, 0x00000000c6000000, 0x00000000c6100000|  0%| F|  |TAMS 0x00000000c6000000, 0x00000000c6000000| Untracked 
|  97|0x00000000c6100000, 0x00000000c6100000, 0x00000000c6200000|  0%| F|  |TAMS 0x00000000c6100000, 0x00000000c6100000| Untracked 
|  98|0x00000000c6200000, 0x00000000c6200000, 0x00000000c6300000|  0%| F|  |TAMS 0x00000000c6200000, 0x00000000c6200000| Untracked 
|  99|0x00000000c6300000, 0x00000000c6300000, 0x00000000c6400000|  0%| F|  |TAMS 0x00000000c6300000, 0x00000000c6300000| Untracked 
| 100|0x00000000c6400000, 0x00000000c6400000, 0x00000000c6500000|  0%| F|  |TAMS 0x00000000c6400000, 0x00000000c6400000| Untracked 
| 101|0x00000000c6500000, 0x00000000c6500000, 0x00000000c6600000|  0%| F|  |TAMS 0x00000000c6500000, 0x00000000c6500000| Untracked 
| 102|0x00000000c6600000, 0x00000000c6600000, 0x00000000c6700000|  0%| F|  |TAMS 0x00000000c6600000, 0x00000000c6600000| Untracked 
| 103|0x00000000c6700000, 0x00000000c6700000, 0x00000000c6800000|  0%| F|  |TAMS 0x00000000c6700000, 0x00000000c6700000| Untracked 
| 104|0x00000000c6800000, 0x00000000c6800000, 0x00000000c6900000|  0%| F|  |TAMS 0x00000000c6800000, 0x00000000c6800000| Untracked 
| 105|0x00000000c6900000, 0x00000000c6900000, 0x00000000c6a00000|  0%| F|  |TAMS 0x00000000c6900000, 0x00000000c6900000| Untracked 
| 106|0x00000000c6a00000, 0x00000000c6a00000, 0x00000000c6b00000|  0%| F|  |TAMS 0x00000000c6a00000, 0x00000000c6a00000| Untracked 
| 107|0x00000000c6b00000, 0x00000000c6b00000, 0x00000000c6c00000|  0%| F|  |TAMS 0x00000000c6b00000, 0x00000000c6b00000| Untracked 
| 108|0x00000000c6c00000, 0x00000000c6c00000, 0x00000000c6d00000|  0%| F|  |TAMS 0x00000000c6c00000, 0x00000000c6c00000| Untracked 
| 109|0x00000000c6d00000, 0x00000000c6d00000, 0x00000000c6e00000|  0%| F|  |TAMS 0x00000000c6d00000, 0x00000000c6d00000| Untracked 
| 110|0x00000000c6e00000, 0x00000000c6e00000, 0x00000000c6f00000|  0%| F|  |TAMS 0x00000000c6e00000, 0x00000000c6e00000| Untracked 
| 111|0x00000000c6f00000, 0x00000000c6f00000, 0x00000000c7000000|  0%| F|  |TAMS 0x00000000c6f00000, 0x00000000c6f00000| Untracked 
| 112|0x00000000c7000000, 0x00000000c7000000, 0x00000000c7100000|  0%| F|  |TAMS 0x00000000c7000000, 0x00000000c7000000| Untracked 
| 113|0x00000000c7100000, 0x00000000c7100000, 0x00000000c7200000|  0%| F|  |TAMS 0x00000000c7100000, 0x00000000c7100000| Untracked 
| 114|0x00000000c7200000, 0x00000000c7200000, 0x00000000c7300000|  0%| F|  |TAMS 0x00000000c7200000, 0x00000000c7200000| Untracked 
| 115|0x00000000c7300000, 0x00000000c7300000, 0x00000000c7400000|  0%| F|  |TAMS 0x00000000c7300000, 0x00000000c7300000| Untracked 
| 116|0x00000000c7400000, 0x00000000c7400000, 0x00000000c7500000|  0%| F|  |TAMS 0x00000000c7400000, 0x00000000c7400000| Untracked 
| 117|0x00000000c7500000, 0x00000000c7500000, 0x00000000c7600000|  0%| F|  |TAMS 0x00000000c7500000, 0x00000000c7500000| Untracked 
| 118|0x00000000c7600000, 0x00000000c7600000, 0x00000000c7700000|  0%| F|  |TAMS 0x00000000c7600000, 0x00000000c7600000| Untracked 
| 119|0x00000000c7700000, 0x00000000c7700000, 0x00000000c7800000|  0%| F|  |TAMS 0x00000000c7700000, 0x00000000c7700000| Untracked 
| 120|0x00000000c7800000, 0x00000000c7800000, 0x00000000c7900000|  0%| F|  |TAMS 0x00000000c7800000, 0x00000000c7800000| Untracked 
| 121|0x00000000c7900000, 0x00000000c7900000, 0x00000000c7a00000|  0%| F|  |TAMS 0x00000000c7900000, 0x00000000c7900000| Untracked 
| 122|0x00000000c7a00000, 0x00000000c7a00000, 0x00000000c7b00000|  0%| F|  |TAMS 0x00000000c7a00000, 0x00000000c7a00000| Untracked 
| 123|0x00000000c7b00000, 0x00000000c7b00000, 0x00000000c7c00000|  0%| F|  |TAMS 0x00000000c7b00000, 0x00000000c7b00000| Untracked 
| 124|0x00000000c7c00000, 0x00000000c7c00000, 0x00000000c7d00000|  0%| F|  |TAMS 0x00000000c7c00000, 0x00000000c7c00000| Untracked 
| 125|0x00000000c7d00000, 0x00000000c7d00000, 0x00000000c7e00000|  0%| F|  |TAMS 0x00000000c7d00000, 0x00000000c7d00000| Untracked 
| 126|0x00000000c7e00000, 0x00000000c7e058a8, 0x00000000c7f00000|  2%| E|  |TAMS 0x00000000c7e00000, 0x00000000c7e00000| Complete 

Card table byte_map: [0x000001a7e7a70000,0x000001a7e7c70000] _byte_map_base: 0x000001a7e7470000

Marking Bits (Prev, Next): (CMBitMap*) 0x000001a7e15c69d0, (CMBitMap*) 0x000001a7e15c6a10
 Prev Bits: [0x000001a7e7e70000, 0x000001a7e8e70000)
 Next Bits: [0x000001a7e8e70000, 0x000001a7e9e70000)

Polling page: 0x000001a7df520000

Metaspace:

Usage:
  Non-class:     54.15 MB used.
      Class:      7.57 MB used.
       Both:     61.72 MB used.

Virtual space:
  Non-class space:       64.00 MB reserved,      54.38 MB ( 85%) committed,  1 nodes.
      Class space:        1.00 GB reserved,       7.81 MB ( <1%) committed,  1 nodes.
             Both:        1.06 GB reserved,      62.19 MB (  6%) committed. 

Chunk freelists:
   Non-Class:  9.16 MB
       Class:  8.22 MB
        Both:  17.38 MB

MaxMetaspaceSize: unlimited
CompressedClassSpaceSize: 1.00 GB
Initial GC threshold: 21.00 MB
Current GC threshold: 103.44 MB
CDS: off
MetaspaceReclaimPolicy: balanced
 - commit_granule_bytes: 65536.
 - commit_granule_words: 8192.
 - virtual_space_node_default_size: 8388608.
 - enlarge_chunks_in_place: 1.
 - new_chunks_are_fully_committed: 0.
 - uncommit_free_chunks: 1.
 - use_allocation_guard: 0.
 - handle_deallocations: 1.


Internal statistics:

num_allocs_failed_limit: 6.
num_arena_births: 786.
num_arena_deaths: 264.
num_vsnodes_births: 2.
num_vsnodes_deaths: 0.
num_space_committed: 994.
num_space_uncommitted: 0.
num_chunks_returned_to_freelist: 323.
num_chunks_taken_from_freelist: 2904.
num_chunk_merges: 106.
num_chunk_splits: 1929.
num_chunks_enlarged: 1454.
num_inconsistent_stats: 0.

CodeCache: size=49152Kb used=17768Kb max_used=19265Kb free=31383Kb
 bounds [0x000001a7e4210000, 0x000001a7e5510000, 0x000001a7e7210000]
 total_blobs=10072 nmethods=9388 adapters=609
 compilation: enabled
              stopped_count=0, restarted_count=0
 full_count=0

Compilation events (20 events):
Event: 5157.053 Thread 0x000001a7f10770c0 9381       1       com.google.common.cache.CacheBuilder$OneWeigher::weigh (2 bytes)
Event: 5157.053 Thread 0x000001a7f10770c0 nmethod 9381 0x000001a7e5500b90 code [0x000001a7e5500d20, 0x000001a7e5500df8]
Event: 5157.361 Thread 0x000001a7f3e1fde0 9382       1       org.eclipse.jdt.core.dom.NumberLiteral::accept0 (12 bytes)
Event: 5157.362 Thread 0x000001a7f3e1fde0 nmethod 9382 0x000001a7e5500810 code [0x000001a7e55009c0, 0x000001a7e5500af8]
Event: 5159.644 Thread 0x000001a7f3e1fde0 9383       1       reactor.core.publisher.Operators::restoreContextOnSubscriberIfPublisherNonInternal (15 bytes)
Event: 5159.645 Thread 0x000001a7f3e1fde0 nmethod 9383 0x000001a7e5500490 code [0x000001a7e5500640, 0x000001a7e5500758]
Event: 5160.166 Thread 0x000001a7f3e1fde0 9384       1       java.util.Optional::flatMap (38 bytes)
Event: 5160.166 Thread 0x000001a7f3e1fde0 nmethod 9384 0x000001a7e54fff10 code [0x000001a7e55000e0, 0x000001a7e5500388]
Event: 5160.433 Thread 0x000001a7f3e1fde0 9385       1       java.nio.charset.CharsetDecoder::flush (49 bytes)
Event: 5160.433 Thread 0x000001a7f10770c0 9386       1       java.nio.charset.CharsetDecoder::implFlush (4 bytes)
Event: 5160.435 Thread 0x000001a7f10770c0 nmethod 9386 0x000001a7e54ffc10 code [0x000001a7e54ffda0, 0x000001a7e54ffe78]
Event: 5160.435 Thread 0x000001a7f3e1fde0 nmethod 9385 0x000001a7e54ff810 code [0x000001a7e54ff9c0, 0x000001a7e54ffb48]
Event: 5165.318 Thread 0x000001a7f3e1fde0 9387       1       org.springframework.ide.vscode.commons.languageserver.java.JavaProjectFinder$1::find (23 bytes)
Event: 5165.318 Thread 0x000001a7f10770c0 9388       1       org.springframework.ide.vscode.commons.languageserver.java.JavaProjectFinder$1$$Lambda$872/0x00000001005b5778::<init> (10 bytes)
Event: 5165.319 Thread 0x000001a7f10770c0 nmethod 9388 0x000001a7e54ff510 code [0x000001a7e54ff6a0, 0x000001a7e54ff7b8]
Event: 5165.319 Thread 0x000001a7f3e1fde0 nmethod 9387 0x000001a7e54ff010 code [0x000001a7e54ff1c0, 0x000001a7e54ff388]
Event: 5165.831 Thread 0x000001a7f3e1fde0 9389       1       java.util.concurrent.atomic.AtomicLong::getAndIncrement (12 bytes)
Event: 5165.831 Thread 0x000001a7f3e1fde0 nmethod 9389 0x000001a7e54fed10 code [0x000001a7e54feea0, 0x000001a7e54fef78]
Event: 5174.521 Thread 0x000001a7f10770c0 9390       1       org.springframework.ide.vscode.commons.java.SpringProjectUtil::isBootProject (17 bytes)
Event: 5174.521 Thread 0x000001a7f10770c0 nmethod 9390 0x000001a7e53c2790 code [0x000001a7e53c2940, 0x000001a7e53c2aa8]

GC Heap History (20 events):
Event: 24228.492 GC heap after
{Heap after GC invocations=2058 (full 2024):
 garbage-first heap   total 130048K, used 37988K [0x00000000c0000000, 0x0000000100000000)
  region size 1024K, 0 young (0K), 0 survivors (0K)
 Metaspace       used 63200K, committed 63680K, reserved 1114112K
  class space    used 7755K, committed 8000K, reserved 1048576K
}
Event: 24238.733 GC heap before
{Heap before GC invocations=2058 (full 2024):
 garbage-first heap   total 130048K, used 37988K [0x00000000c0000000, 0x0000000100000000)
  region size 1024K, 1 young (1024K), 0 survivors (0K)
 Metaspace       used 63200K, committed 63680K, reserved 1114112K
  class space    used 7755K, committed 8000K, reserved 1048576K
}
Event: 24238.765 GC heap after
{Heap after GC invocations=2059 (full 2025):
 garbage-first heap   total 130048K, used 37988K [0x00000000c0000000, 0x0000000100000000)
  region size 1024K, 0 young (0K), 0 survivors (0K)
 Metaspace       used 63200K, committed 63680K, reserved 1114112K
  class space    used 7755K, committed 8000K, reserved 1048576K
}
Event: 24248.985 GC heap before
{Heap before GC invocations=2059 (full 2025):
 garbage-first heap   total 130048K, used 37988K [0x00000000c0000000, 0x0000000100000000)
  region size 1024K, 1 young (1024K), 0 survivors (0K)
 Metaspace       used 63200K, committed 63680K, reserved 1114112K
  class space    used 7755K, committed 8000K, reserved 1048576K
}
Event: 24249.019 GC heap after
{Heap after GC invocations=2060 (full 2026):
 garbage-first heap   total 130048K, used 37988K [0x00000000c0000000, 0x0000000100000000)
  region size 1024K, 0 young (0K), 0 survivors (0K)
 Metaspace       used 63200K, committed 63680K, reserved 1114112K
  class space    used 7755K, committed 8000K, reserved 1048576K
}
Event: 24259.260 GC heap before
{Heap before GC invocations=2060 (full 2026):
 garbage-first heap   total 130048K, used 37988K [0x00000000c0000000, 0x0000000100000000)
  region size 1024K, 1 young (1024K), 0 survivors (0K)
 Metaspace       used 63200K, committed 63680K, reserved 1114112K
  class space    used 7755K, committed 8000K, reserved 1048576K
}
Event: 24259.293 GC heap after
{Heap after GC invocations=2061 (full 2027):
 garbage-first heap   total 130048K, used 37988K [0x00000000c0000000, 0x0000000100000000)
  region size 1024K, 0 young (0K), 0 survivors (0K)
 Metaspace       used 63200K, committed 63680K, reserved 1114112K
  class space    used 7755K, committed 8000K, reserved 1048576K
}
Event: 24269.506 GC heap before
{Heap before GC invocations=2061 (full 2027):
 garbage-first heap   total 130048K, used 37988K [0x00000000c0000000, 0x0000000100000000)
  region size 1024K, 1 young (1024K), 0 survivors (0K)
 Metaspace       used 63200K, committed 63680K, reserved 1114112K
  class space    used 7755K, committed 8000K, reserved 1048576K
}
Event: 24269.538 GC heap after
{Heap after GC invocations=2062 (full 2028):
 garbage-first heap   total 130048K, used 37988K [0x00000000c0000000, 0x0000000100000000)
  region size 1024K, 0 young (0K), 0 survivors (0K)
 Metaspace       used 63200K, committed 63680K, reserved 1114112K
  class space    used 7755K, committed 8000K, reserved 1048576K
}
Event: 24279.748 GC heap before
{Heap before GC invocations=2062 (full 2028):
 garbage-first heap   total 130048K, used 37988K [0x00000000c0000000, 0x0000000100000000)
  region size 1024K, 1 young (1024K), 0 survivors (0K)
 Metaspace       used 63200K, committed 63680K, reserved 1114112K
  class space    used 7755K, committed 8000K, reserved 1048576K
}
Event: 24279.780 GC heap after
{Heap after GC invocations=2063 (full 2029):
 garbage-first heap   total 130048K, used 37988K [0x00000000c0000000, 0x0000000100000000)
  region size 1024K, 0 young (0K), 0 survivors (0K)
 Metaspace       used 63200K, committed 63680K, reserved 1114112K
  class space    used 7755K, committed 8000K, reserved 1048576K
}
Event: 24289.982 GC heap before
{Heap before GC invocations=2063 (full 2029):
 garbage-first heap   total 130048K, used 37988K [0x00000000c0000000, 0x0000000100000000)
  region size 1024K, 1 young (1024K), 0 survivors (0K)
 Metaspace       used 63200K, committed 63680K, reserved 1114112K
  class space    used 7755K, committed 8000K, reserved 1048576K
}
Event: 24290.014 GC heap after
{Heap after GC invocations=2064 (full 2030):
 garbage-first heap   total 130048K, used 37988K [0x00000000c0000000, 0x0000000100000000)
  region size 1024K, 0 young (0K), 0 survivors (0K)
 Metaspace       used 63200K, committed 63680K, reserved 1114112K
  class space    used 7755K, committed 8000K, reserved 1048576K
}
Event: 24300.326 GC heap before
{Heap before GC invocations=2064 (full 2030):
 garbage-first heap   total 130048K, used 37988K [0x00000000c0000000, 0x0000000100000000)
  region size 1024K, 1 young (1024K), 0 survivors (0K)
 Metaspace       used 63200K, committed 63680K, reserved 1114112K
  class space    used 7755K, committed 8000K, reserved 1048576K
}
Event: 24300.363 GC heap after
{Heap after GC invocations=2065 (full 2031):
 garbage-first heap   total 130048K, used 37988K [0x00000000c0000000, 0x0000000100000000)
  region size 1024K, 0 young (0K), 0 survivors (0K)
 Metaspace       used 63200K, committed 63680K, reserved 1114112K
  class space    used 7755K, committed 8000K, reserved 1048576K
}
Event: 24310.730 GC heap before
{Heap before GC invocations=2065 (full 2031):
 garbage-first heap   total 130048K, used 37988K [0x00000000c0000000, 0x0000000100000000)
  region size 1024K, 1 young (1024K), 0 survivors (0K)
 Metaspace       used 63200K, committed 63680K, reserved 1114112K
  class space    used 7755K, committed 8000K, reserved 1048576K
}
Event: 24310.777 GC heap after
{Heap after GC invocations=2066 (full 2032):
 garbage-first heap   total 130048K, used 37988K [0x00000000c0000000, 0x0000000100000000)
  region size 1024K, 0 young (0K), 0 survivors (0K)
 Metaspace       used 63200K, committed 63680K, reserved 1114112K
  class space    used 7755K, committed 8000K, reserved 1048576K
}
Event: 24321.177 GC heap before
{Heap before GC invocations=2066 (full 2032):
 garbage-first heap   total 130048K, used 37988K [0x00000000c0000000, 0x0000000100000000)
  region size 1024K, 1 young (1024K), 0 survivors (0K)
 Metaspace       used 63200K, committed 63680K, reserved 1114112K
  class space    used 7755K, committed 8000K, reserved 1048576K
}
Event: 24321.235 GC heap after
{Heap after GC invocations=2067 (full 2033):
 garbage-first heap   total 130048K, used 37988K [0x00000000c0000000, 0x0000000100000000)
  region size 1024K, 0 young (0K), 0 survivors (0K)
 Metaspace       used 63200K, committed 63680K, reserved 1114112K
  class space    used 7755K, committed 8000K, reserved 1048576K
}
Event: 24331.294 GC heap before
{Heap before GC invocations=2067 (full 2033):
 garbage-first heap   total 130048K, used 37988K [0x00000000c0000000, 0x0000000100000000)
  region size 1024K, 1 young (1024K), 0 survivors (0K)
 Metaspace       used 63200K, committed 63680K, reserved 1114112K
  class space    used 7755K, committed 8000K, reserved 1048576K
}

Dll operation events (10 events):
Event: 0.013 Loaded shared library c:\Users\cauao\.vscode\extensions\redhat.java-1.34.0-win32-x64\jre\17.0.12-win32-x86_64\bin\java.dll
Event: 0.445 Loaded shared library C:\Users\cauao\.vscode\extensions\redhat.java-1.34.0-win32-x64\jre\17.0.12-win32-x86_64\bin\net.dll
Event: 0.448 Loaded shared library C:\Users\cauao\.vscode\extensions\redhat.java-1.34.0-win32-x64\jre\17.0.12-win32-x86_64\bin\nio.dll
Event: 1.005 Loaded shared library C:\Users\cauao\.vscode\extensions\redhat.java-1.34.0-win32-x64\jre\17.0.12-win32-x86_64\bin\zip.dll
Event: 12.762 Loaded shared library C:\Users\cauao\.vscode\extensions\redhat.java-1.34.0-win32-x64\jre\17.0.12-win32-x86_64\bin\jimage.dll
Event: 16.040 Loaded shared library c:\Users\cauao\.vscode\extensions\redhat.java-1.34.0-win32-x64\jre\17.0.12-win32-x86_64\bin\verify.dll
Event: 22.623 Loaded shared library C:\Users\cauao\.vscode\extensions\redhat.java-1.34.0-win32-x64\jre\17.0.12-win32-x86_64\bin\management.dll
Event: 22.629 Loaded shared library C:\Users\cauao\.vscode\extensions\redhat.java-1.34.0-win32-x64\jre\17.0.12-win32-x86_64\bin\management_ext.dll
Event: 23.875 Loaded shared library C:\Users\cauao\.vscode\extensions\redhat.java-1.34.0-win32-x64\jre\17.0.12-win32-x86_64\bin\sunmscapi.dll
Event: 24.107 Loaded shared library C:\Users\cauao\.vscode\extensions\redhat.java-1.34.0-win32-x64\jre\17.0.12-win32-x86_64\bin\extnet.dll

Deoptimization events (20 events):
Event: 22.984 Thread 0x000001a7f2b55880 DEOPT PACKING pc=0x000001a7e47fbc01 sp=0x0000001ca72fdd50
Event: 22.984 Thread 0x000001a7f2b55880 DEOPT UNPACKING pc=0x000001a7e4267143 sp=0x0000001ca72fd1e0 mode 3
Event: 23.012 Thread 0x000001a7f2b8a810 DEOPT PACKING pc=0x000001a7e47de217 sp=0x0000001ca73fed70
Event: 23.012 Thread 0x000001a7f2b8a810 DEOPT UNPACKING pc=0x000001a7e4267143 sp=0x0000001ca73fe1c8 mode 3
Event: 23.944 Thread 0x000001a7f2bac0f0 DEOPT PACKING pc=0x000001a7e440760c sp=0x0000001ca7efa980
Event: 23.944 Thread 0x000001a7f2bac0f0 DEOPT UNPACKING pc=0x000001a7e4267143 sp=0x0000001ca7ef9e48 mode 0
Event: 24.724 Thread 0x000001a7f2baa7a0 DEOPT PACKING pc=0x000001a7e4bcb126 sp=0x0000001ca77fe6d0
Event: 24.724 Thread 0x000001a7f2baa7a0 DEOPT UNPACKING pc=0x000001a7e4267143 sp=0x0000001ca77fdc68 mode 0
Event: 24.825 Thread 0x000001a7f2baa7a0 DEOPT PACKING pc=0x000001a7e4dc610c sp=0x0000001ca77fe5d0
Event: 24.825 Thread 0x000001a7f2baa7a0 DEOPT UNPACKING pc=0x000001a7e4267143 sp=0x0000001ca77fdb50 mode 0
Event: 24.825 Thread 0x000001a7f2baa7a0 DEOPT PACKING pc=0x000001a7e4dc610c sp=0x0000001ca77fe830
Event: 24.825 Thread 0x000001a7f2baa7a0 DEOPT UNPACKING pc=0x000001a7e4267143 sp=0x0000001ca77fddb0 mode 0
Event: 24.829 Thread 0x000001a7f2baa7a0 DEOPT PACKING pc=0x000001a7e4dc610c sp=0x0000001ca77fec80
Event: 24.829 Thread 0x000001a7f2baa7a0 DEOPT UNPACKING pc=0x000001a7e4267143 sp=0x0000001ca77fe200 mode 0
Event: 182.839 Thread 0x000001a7f2b55880 DEOPT PACKING pc=0x000001a7e48cab54 sp=0x0000001ca72ff020
Event: 182.839 Thread 0x000001a7f2b55880 DEOPT UNPACKING pc=0x000001a7e4267143 sp=0x0000001ca72fe4a8 mode 0
Event: 233.641 Thread 0x000001a7f3f0cef0 DEOPT PACKING pc=0x000001a7e4f0ca04 sp=0x0000001ca60fde30
Event: 233.641 Thread 0x000001a7f3f0cef0 DEOPT UNPACKING pc=0x000001a7e4267143 sp=0x0000001ca60fd2a8 mode 0
Event: 5153.919 Thread 0x000001a7f3f106a0 DEOPT PACKING pc=0x000001a7e4d901e4 sp=0x0000001ca85fe5d0
Event: 5153.919 Thread 0x000001a7f3f106a0 DEOPT UNPACKING pc=0x000001a7e4267143 sp=0x0000001ca85fdb18 mode 0

Classes loaded (20 events):
Event: 5085.772 Loading class org/w3c/dom/ProcessingInstruction
Event: 5085.772 Loading class org/w3c/dom/ProcessingInstruction done
Event: 5085.773 Loading class org/w3c/dom/Comment
Event: 5085.773 Loading class org/w3c/dom/Comment done
Event: 5085.778 Loading class org/w3c/dom/Entity
Event: 5085.778 Loading class org/w3c/dom/Entity done
Event: 5085.816 Loading class org/w3c/dom/NodeList
Event: 5085.817 Loading class org/w3c/dom/NodeList done
Event: 5085.817 Loading class org/w3c/dom/NamedNodeMap
Event: 5085.818 Loading class org/w3c/dom/NamedNodeMap done
Event: 5085.819 Loading class org/w3c/dom/Attr
Event: 5085.820 Loading class org/w3c/dom/Attr done
Event: 5153.906 Loading class java/util/Spliterators$IntArraySpliterator
Event: 5153.907 Loading class java/util/Spliterators$IntArraySpliterator done
Event: 5153.910 Loading class java/util/stream/Nodes$IntSpinedNodeBuilder
Event: 5153.910 Loading class java/util/stream/SpinedBuffer$OfInt
Event: 5153.912 Loading class java/util/stream/SpinedBuffer$OfPrimitive
Event: 5153.913 Loading class java/util/stream/SpinedBuffer$OfPrimitive done
Event: 5153.913 Loading class java/util/stream/SpinedBuffer$OfInt done
Event: 5153.913 Loading class java/util/stream/Nodes$IntSpinedNodeBuilder done

Classes unloaded (20 events):
Event: 513.523 Thread 0x000001a7f101c6a0 Unloading class 0x000000010008d800 'java/lang/invoke/LambdaForm$MH+0x000000010008d800'
Event: 513.523 Thread 0x000001a7f101c6a0 Unloading class 0x000000010008d400 'java/lang/invoke/LambdaForm$MH+0x000000010008d400'
Event: 523.916 Thread 0x000001a7f101c6a0 Unloading class 0x00000001007bb400 'jdk/internal/reflect/GeneratedConstructorAccessor68'
Event: 523.916 Thread 0x000001a7f101c6a0 Unloading class 0x00000001007bb000 'jdk/internal/reflect/GeneratedMethodAccessor25'
Event: 523.916 Thread 0x000001a7f101c6a0 Unloading class 0x00000001007b9000 'jdk/internal/reflect/GeneratedConstructorAccessor63'
Event: 523.916 Thread 0x000001a7f101c6a0 Unloading class 0x00000001003b2000 'jdk/internal/reflect/GeneratedMethodAccessor19'
Event: 523.916 Thread 0x000001a7f101c6a0 Unloading class 0x00000001003bc400 'jdk/internal/reflect/GeneratedConstructorAccessor58'
Event: 523.916 Thread 0x000001a7f101c6a0 Unloading class 0x00000001003bc000 'jdk/internal/reflect/GeneratedMethodAccessor18'
Event: 523.916 Thread 0x000001a7f101c6a0 Unloading class 0x0000000100528c00 'jdk/internal/reflect/GeneratedConstructorAccessor57'
Event: 523.916 Thread 0x000001a7f101c6a0 Unloading class 0x0000000100528800 'jdk/internal/reflect/GeneratedMethodAccessor17'
Event: 523.916 Thread 0x000001a7f101c6a0 Unloading class 0x0000000100529400 'jdk/internal/reflect/GeneratedMethodAccessor16'
Event: 523.916 Thread 0x000001a7f101c6a0 Unloading class 0x0000000100529000 'jdk/internal/reflect/GeneratedMethodAccessor15'
Event: 523.916 Thread 0x000001a7f101c6a0 Unloading class 0x0000000100570000 'java/lang/invoke/LambdaForm$MH+0x0000000100570000'
Event: 523.916 Thread 0x000001a7f101c6a0 Unloading class 0x000000010061c400 'java/lang/invoke/LambdaForm$MH+0x000000010061c400'
Event: 523.916 Thread 0x000001a7f101c6a0 Unloading class 0x000000010061c000 'java/lang/invoke/LambdaForm$MH+0x000000010061c000'
Event: 523.916 Thread 0x000001a7f101c6a0 Unloading class 0x0000000100088c00 'jdk/internal/reflect/GeneratedConstructorAccessor55'
Event: 523.916 Thread 0x000001a7f101c6a0 Unloading class 0x0000000100089400 'jdk/internal/reflect/GeneratedConstructorAccessor54'
Event: 523.916 Thread 0x000001a7f101c6a0 Unloading class 0x000000010008ac00 'jdk/internal/reflect/GeneratedConstructorAccessor53'
Event: 523.916 Thread 0x000001a7f101c6a0 Unloading class 0x0000000100436000 'jdk/internal/reflect/GeneratedConstructorAccessor43'
Event: 523.916 Thread 0x000001a7f101c6a0 Unloading class 0x000000010008bc00 'java/lang/invoke/LambdaForm$MH+0x000000010008bc00'

Classes redefined (0 events):
No events

Internal exceptions (20 events):
Event: 292.771 Thread 0x000001a7f2baa7a0 Exception <a 'sun/nio/fs/WindowsException'{0x00000000cac86920}> (0x00000000cac86920) 
thrown [s\src\hotspot\share\prims\jni.cpp, line 516]
Event: 292.771 Thread 0x000001a7f2baa7a0 Exception <a 'sun/nio/fs/WindowsException'{0x00000000cac87600}> (0x00000000cac87600) 
thrown [s\src\hotspot\share\prims\jni.cpp, line 516]
Event: 292.771 Thread 0x000001a7f2baa7a0 Exception <a 'sun/nio/fs/WindowsException'{0x00000000cac882c8}> (0x00000000cac882c8) 
thrown [s\src\hotspot\share\prims\jni.cpp, line 516]
Event: 292.771 Thread 0x000001a7f2baa7a0 Exception <a 'sun/nio/fs/WindowsException'{0x00000000cac88fa8}> (0x00000000cac88fa8) 
thrown [s\src\hotspot\share\prims\jni.cpp, line 516]
Event: 292.771 Thread 0x000001a7f2baa7a0 Exception <a 'sun/nio/fs/WindowsException'{0x00000000cac89d68}> (0x00000000cac89d68) 
thrown [s\src\hotspot\share\prims\jni.cpp, line 516]
Event: 292.771 Thread 0x000001a7f2baa7a0 Exception <a 'sun/nio/fs/WindowsException'{0x00000000cac8abb0}> (0x00000000cac8abb0) 
thrown [s\src\hotspot\share\prims\jni.cpp, line 516]
Event: 324.904 Thread 0x000001a7f2bab1c0 Exception <a 'java/io/IOException'{0x00000000cc5d2d30}> (0x00000000cc5d2d30) 
thrown [s\src\hotspot\share\prims\jni.cpp, line 516]
Event: 325.091 Thread 0x000001a7f3f12500 Exception <a 'java/io/IOException'{0x00000000cc5e9d58}> (0x00000000cc5e9d58) 
thrown [s\src\hotspot\share\prims\jni.cpp, line 516]
Event: 325.672 Thread 0x000001a7f2bab6d0 Exception <a 'java/io/IOException'{0x00000000ca62e900}> (0x00000000ca62e900) 
thrown [s\src\hotspot\share\prims\jni.cpp, line 516]
Event: 432.190 Thread 0x000001a7f3f0cef0 Exception <a 'java/lang/NoSuchMethodError'{0x00000000c7af5878}: 'void java.lang.invoke.DirectMethodHandle$Holder.invokeStatic(java.lang.Object, int, java.lang.Object)'> (0x00000000c7af5878) 
thrown [s\src\hotspot\share\interpreter\linkResolver.cpp, line 759]
Event: 437.074 Thread 0x000001a7f3f0cef0 Exception <a 'java/lang/ClassCastException'{0x00000000c778bd90}> (0x00000000c778bd90) 
thrown [s\src\hotspot\share\runtime\sharedRuntime.cpp, line 631]
Event: 437.074 Thread 0x000001a7f3f0cef0 Exception <a 'java/lang/ClassCastException'{0x00000000c7791230}> (0x00000000c7791230) 
thrown [s\src\hotspot\share\runtime\sharedRuntime.cpp, line 631]
Event: 464.071 Thread 0x000001a7f2b8a810 Exception <a 'sun/nio/fs/WindowsException'{0x00000000c742be08}> (0x00000000c742be08) 
thrown [s\src\hotspot\share\prims\jni.cpp, line 516]
Event: 464.071 Thread 0x000001a7f2b8a810 Exception <a 'sun/nio/fs/WindowsException'{0x00000000c742c4e8}> (0x00000000c742c4e8) 
thrown [s\src\hotspot\share\prims\jni.cpp, line 516]
Event: 473.405 Thread 0x000001a7f2b8a810 Exception <a 'sun/nio/fs/WindowsException'{0x00000000c74342f0}> (0x00000000c74342f0) 
thrown [s\src\hotspot\share\prims\jni.cpp, line 516]
Event: 473.406 Thread 0x000001a7f2b8a810 Exception <a 'sun/nio/fs/WindowsException'{0x00000000c74349d0}> (0x00000000c74349d0) 
thrown [s\src\hotspot\share\prims\jni.cpp, line 516]
Event: 5169.868 Thread 0x000001a7f2b8a810 Exception <a 'sun/nio/fs/WindowsException'{0x00000000c4820cf0}> (0x00000000c4820cf0) 
thrown [s\src\hotspot\share\prims\jni.cpp, line 516]
Event: 5169.869 Thread 0x000001a7f2b8a810 Exception <a 'sun/nio/fs/WindowsException'{0x00000000c48213d0}> (0x00000000c48213d0) 
thrown [s\src\hotspot\share\prims\jni.cpp, line 516]
Event: 5174.519 Thread 0x000001a7f2b8a810 Exception <a 'sun/nio/fs/WindowsException'{0x00000000c482e080}> (0x00000000c482e080) 
thrown [s\src\hotspot\share\prims\jni.cpp, line 516]
Event: 5174.520 Thread 0x000001a7f2b8a810 Exception <a 'sun/nio/fs/WindowsException'{0x00000000c482e760}> (0x00000000c482e760) 
thrown [s\src\hotspot\share\prims\jni.cpp, line 516]

VM Operations (20 events):
Event: 24228.492 Executing VM operation: G1CollectFull done
Event: 24238.733 Executing VM operation: G1CollectFull
Event: 24238.765 Executing VM operation: G1CollectFull done
Event: 24248.985 Executing VM operation: G1CollectFull
Event: 24249.019 Executing VM operation: G1CollectFull done
Event: 24259.260 Executing VM operation: G1CollectFull
Event: 24259.293 Executing VM operation: G1CollectFull done
Event: 24269.506 Executing VM operation: G1CollectFull
Event: 24269.538 Executing VM operation: G1CollectFull done
Event: 24279.748 Executing VM operation: G1CollectFull
Event: 24279.780 Executing VM operation: G1CollectFull done
Event: 24289.982 Executing VM operation: G1CollectFull
Event: 24290.015 Executing VM operation: G1CollectFull done
Event: 24300.326 Executing VM operation: G1CollectFull
Event: 24300.363 Executing VM operation: G1CollectFull done
Event: 24310.729 Executing VM operation: G1CollectFull
Event: 24310.777 Executing VM operation: G1CollectFull done
Event: 24321.177 Executing VM operation: G1CollectFull
Event: 24321.235 Executing VM operation: G1CollectFull done
Event: 24331.294 Executing VM operation: G1CollectFull

Events (20 events):
Event: 5085.557 Thread 0x000001a7f3f0de20 Thread added: 0x000001a7f3f0de20
Event: 5085.583 Thread 0x000001a7f3f0e330 Thread added: 0x000001a7f3f0e330
Event: 5085.842 Thread 0x000001a7f3e1fde0 Thread added: 0x000001a7f3e1fde0
Event: 5085.842 Thread 0x000001a7f34c1160 Thread added: 0x000001a7f34c1160
Event: 5085.843 Thread 0x000001a7f34be4e0 Thread added: 0x000001a7f34be4e0
Event: 5088.527 Thread 0x000001a7f3f106a0 Thread added: 0x000001a7f3f106a0
Event: 5088.622 Thread 0x000001a7f34c1160 Thread exited: 0x000001a7f34c1160
Event: 5088.622 Thread 0x000001a7f3e1fde0 Thread exited: 0x000001a7f3e1fde0
Event: 5088.622 Thread 0x000001a7f34be4e0 Thread exited: 0x000001a7f34be4e0
Event: 5099.160 Thread 0x000001a7f3f10bb0 Thread added: 0x000001a7f3f10bb0
Event: 5145.666 Thread 0x000001a7f3f0e330 Thread exited: 0x000001a7f3f0e330
Event: 5154.607 Thread 0x000001a7f3e1fde0 Thread added: 0x000001a7f3e1fde0
Event: 5170.836 Thread 0x000001a7f3e1fde0 Thread exited: 0x000001a7f3e1fde0
Event: 5214.619 Thread 0x000001a7f3f0cef0 Thread exited: 0x000001a7f3f0cef0
Event: 5215.555 Thread 0x000001a7f3f12a10 Thread exited: 0x000001a7f3f12a10
Event: 5217.124 Thread 0x000001a7f3f106a0 Thread exited: 0x000001a7f3f106a0
Event: 5217.327 Thread 0x000001a7f3f10bb0 Thread exited: 0x000001a7f3f10bb0
Event: 5218.927 Thread 0x000001a7f3f12500 Thread exited: 0x000001a7f3f12500
Event: 5225.225 Thread 0x000001a7f3f0c9e0 Thread exited: 0x000001a7f3f0c9e0
Event: 5278.940 Thread 0x000001a7f3f0de20 Thread exited: 0x000001a7f3f0de20


Dynamic libraries:
0x00007ff65ff60000 - 0x00007ff65ff6e000 	c:\Users\cauao\.vscode\extensions\redhat.java-1.34.0-win32-x64\jre\17.0.12-win32-x86_64\bin\java.exe
0x00007ffc636b0000 - 0x00007ffc638c7000 	C:\Windows\SYSTEM32\ntdll.dll
0x00007ffc61b40000 - 0x00007ffc61c04000 	C:\Windows\System32\KERNEL32.DLL
0x00007ffc60a70000 - 0x00007ffc60e1d000 	C:\Windows\System32\KERNELBASE.dll
0x00007ffc61160000 - 0x00007ffc61271000 	C:\Windows\System32\ucrtbase.dll
0x00007ffc4b170000 - 0x00007ffc4b18b000 	c:\Users\cauao\.vscode\extensions\redhat.java-1.34.0-win32-x64\jre\17.0.12-win32-x86_64\bin\VCRUNTIME140.dll
0x00007ffc4ba40000 - 0x00007ffc4ba57000 	c:\Users\cauao\.vscode\extensions\redhat.java-1.34.0-win32-x64\jre\17.0.12-win32-x86_64\bin\jli.dll
0x00007ffc61c10000 - 0x00007ffc61dbe000 	C:\Windows\System32\USER32.dll
0x00007ffc48a80000 - 0x00007ffc48d13000 	C:\Windows\WinSxS\amd64_microsoft.windows.common-controls_6595b64144ccf1df_6.0.22621.3672_none_2713b9d173822955\COMCTL32.dll
0x00007ffc61130000 - 0x00007ffc61156000 	C:\Windows\System32\win32u.dll
0x00007ffc634d0000 - 0x00007ffc634f9000 	C:\Windows\System32\GDI32.dll
0x00007ffc61010000 - 0x00007ffc61129000 	C:\Windows\System32\gdi32full.dll
0x00007ffc609d0000 - 0x00007ffc60a6a000 	C:\Windows\System32\msvcp_win.dll
0x00007ffc61fd0000 - 0x00007ffc62077000 	C:\Windows\System32\msvcrt.dll
0x00007ffc62080000 - 0x00007ffc620b1000 	C:\Windows\System32\IMM32.DLL
0x00007ffc584c0000 - 0x00007ffc584cc000 	c:\Users\cauao\.vscode\extensions\redhat.java-1.34.0-win32-x64\jre\17.0.12-win32-x86_64\bin\vcruntime140_1.dll
0x00007ffc21a30000 - 0x00007ffc21abd000 	c:\Users\cauao\.vscode\extensions\redhat.java-1.34.0-win32-x64\jre\17.0.12-win32-x86_64\bin\msvcp140.dll
0x00007ffbc1740000 - 0x00007ffbc23aa000 	c:\Users\cauao\.vscode\extensions\redhat.java-1.34.0-win32-x64\jre\17.0.12-win32-x86_64\bin\server\jvm.dll
0x00007ffc63220000 - 0x00007ffc632d2000 	C:\Windows\System32\ADVAPI32.dll
0x00007ffc61a10000 - 0x00007ffc61ab9000 	C:\Windows\System32\sechost.dll
0x00007ffc613b0000 - 0x00007ffc613d8000 	C:\Windows\System32\bcrypt.dll
0x00007ffc62150000 - 0x00007ffc62264000 	C:\Windows\System32\RPCRT4.dll
0x00007ffc61ac0000 - 0x00007ffc61b31000 	C:\Windows\System32\WS2_32.dll
0x00007ffc608a0000 - 0x00007ffc608ed000 	C:\Windows\SYSTEM32\POWRPROF.dll
0x00007ffc59d00000 - 0x00007ffc59d34000 	C:\Windows\SYSTEM32\WINMM.dll
0x00007ffc555a0000 - 0x00007ffc555aa000 	C:\Windows\SYSTEM32\VERSION.dll
0x00007ffc607d0000 - 0x00007ffc607e3000 	C:\Windows\SYSTEM32\UMPDC.dll
0x00007ffc5f9e0000 - 0x00007ffc5f9f8000 	C:\Windows\SYSTEM32\kernel.appcore.dll
0x00007ffc4d820000 - 0x00007ffc4d82a000 	c:\Users\cauao\.vscode\extensions\redhat.java-1.34.0-win32-x64\jre\17.0.12-win32-x86_64\bin\jimage.dll
0x00007ffc56010000 - 0x00007ffc56242000 	C:\Windows\SYSTEM32\DBGHELP.DLL
0x00007ffc61680000 - 0x00007ffc61a0e000 	C:\Windows\System32\combase.dll
0x00007ffc632e0000 - 0x00007ffc633b7000 	C:\Windows\System32\OLEAUT32.dll
0x00007ffc52780000 - 0x00007ffc527b2000 	C:\Windows\SYSTEM32\dbgcore.DLL
0x00007ffc60e20000 - 0x00007ffc60e9b000 	C:\Windows\System32\bcryptPrimitives.dll
0x00007ffc42c30000 - 0x00007ffc42c55000 	c:\Users\cauao\.vscode\extensions\redhat.java-1.34.0-win32-x64\jre\17.0.12-win32-x86_64\bin\java.dll
0x00007ffc4aaa0000 - 0x00007ffc4aab8000 	c:\Users\cauao\.vscode\extensions\redhat.java-1.34.0-win32-x64\jre\17.0.12-win32-x86_64\bin\zip.dll
0x00007ffc62430000 - 0x00007ffc62c97000 	C:\Windows\System32\SHELL32.dll
0x00007ffc5e900000 - 0x00007ffc5f1ff000 	C:\Windows\SYSTEM32\windows.storage.dll
0x00007ffc5e7c0000 - 0x00007ffc5e8ff000 	C:\Windows\SYSTEM32\wintypes.dll
0x00007ffc62ca0000 - 0x00007ffc62d99000 	C:\Windows\System32\SHCORE.dll
0x00007ffc633c0000 - 0x00007ffc6341e000 	C:\Windows\System32\shlwapi.dll
0x00007ffc60900000 - 0x00007ffc60927000 	C:\Windows\SYSTEM32\profapi.dll
0x00007ffc48120000 - 0x00007ffc48139000 	C:\Users\cauao\.vscode\extensions\redhat.java-1.34.0-win32-x64\jre\17.0.12-win32-x86_64\bin\net.dll
0x00007ffc5b4a0000 - 0x00007ffc5b5d6000 	C:\Windows\SYSTEM32\WINHTTP.dll
0x00007ffc5fe40000 - 0x00007ffc5fea9000 	C:\Windows\system32\mswsock.dll
0x00007ffc47210000 - 0x00007ffc47226000 	C:\Users\cauao\.vscode\extensions\redhat.java-1.34.0-win32-x64\jre\17.0.12-win32-x86_64\bin\nio.dll
0x00007ffc4b1d0000 - 0x00007ffc4b1e0000 	c:\Users\cauao\.vscode\extensions\redhat.java-1.34.0-win32-x64\jre\17.0.12-win32-x86_64\bin\verify.dll
0x00007ffc60190000 - 0x00007ffc601ab000 	C:\Windows\SYSTEM32\CRYPTSP.dll
0x00007ffc5f940000 - 0x00007ffc5f975000 	C:\Windows\system32\rsaenh.dll
0x00007ffc5fee0000 - 0x00007ffc5ff08000 	C:\Windows\SYSTEM32\USERENV.dll
0x00007ffc60170000 - 0x00007ffc6017c000 	C:\Windows\SYSTEM32\CRYPTBASE.dll
0x00007ffc5f460000 - 0x00007ffc5f48d000 	C:\Windows\SYSTEM32\IPHLPAPI.DLL
0x00007ffc62140000 - 0x00007ffc62149000 	C:\Windows\System32\NSI.dll
0x00007ffc5b640000 - 0x00007ffc5b659000 	C:\Windows\SYSTEM32\dhcpcsvc6.DLL
0x00007ffc5b230000 - 0x00007ffc5b24f000 	C:\Windows\SYSTEM32\dhcpcsvc.DLL
0x00007ffc5f4d0000 - 0x00007ffc5f5c8000 	C:\Windows\SYSTEM32\DNSAPI.dll
0x00007ffc4af80000 - 0x00007ffc4af89000 	C:\Users\cauao\.vscode\extensions\redhat.java-1.34.0-win32-x64\jre\17.0.12-win32-x86_64\bin\management.dll
0x00007ffc48f90000 - 0x00007ffc48f9b000 	C:\Users\cauao\.vscode\extensions\redhat.java-1.34.0-win32-x64\jre\17.0.12-win32-x86_64\bin\management_ext.dll
0x00007ffc63660000 - 0x00007ffc63668000 	C:\Windows\System32\PSAPI.DLL
0x00007ffc48e00000 - 0x00007ffc48e0e000 	C:\Users\cauao\.vscode\extensions\redhat.java-1.34.0-win32-x64\jre\17.0.12-win32-x86_64\bin\sunmscapi.dll
0x00007ffc60ea0000 - 0x00007ffc61007000 	C:\Windows\System32\CRYPT32.dll
0x00007ffc60280000 - 0x00007ffc602ae000 	C:\Windows\SYSTEM32\ncrypt.dll
0x00007ffc60240000 - 0x00007ffc60277000 	C:\Windows\SYSTEM32\NTASN1.dll
0x00007ffc57e00000 - 0x00007ffc57e0a000 	C:\Windows\System32\rasadhlp.dll
0x00007ffc5a940000 - 0x00007ffc5a9c3000 	C:\Windows\System32\fwpuclnt.dll
0x00007ffc48420000 - 0x00007ffc48429000 	C:\Users\cauao\.vscode\extensions\redhat.java-1.34.0-win32-x64\jre\17.0.12-win32-x86_64\bin\extnet.dll

dbghelp: loaded successfully - version: 4.0.5 - missing functions: none
symbol engine: initialized successfully - sym options: 0x614 - pdb path: .;c:\Users\cauao\.vscode\extensions\redhat.java-1.34.0-win32-x64\jre\17.0.12-win32-x86_64\bin;C:\Windows\SYSTEM32;C:\Windows\WinSxS\amd64_microsoft.windows.common-controls_6595b64144ccf1df_6.0.22621.3672_none_2713b9d173822955;c:\Users\cauao\.vscode\extensions\redhat.java-1.34.0-win32-x64\jre\17.0.12-win32-x86_64\bin\server

VM Arguments:
jvm_args: -Xmx1024m -Dsts.lsp.client=vscode -Dsts.log.file=/dev/null -XX:TieredStopAtLevel=1 -Xlog:jni+resolve=off -Dspring.config.location=file:c:\Users\cauao\.vscode\extensions\vmware.vscode-spring-boot-1.56.0\language-server\BOOT-INF\classes\application.properties 
java_command: org.springframework.ide.vscode.boot.app.BootLanguageServerBootApp
java_class_path (initial): c:\Users\cauao\.vscode\extensions\vmware.vscode-spring-boot-1.56.0\language-server\BOOT-INF\classes;c:\Users\cauao\.vscode\extensions\vmware.vscode-spring-boot-1.56.0\language-server\BOOT-INF\lib\annotations-24.1.0.jar;c:\Users\cauao\.vscode\extensions\vmware.vscode-spring-boot-1.56.0\language-server\BOOT-INF\lib\antlr4-runtime-4.13.1.jar;c:\Users\cauao\.vscode\extensions\vmware.vscode-spring-boot-1.56.0\language-server\BOOT-INF\lib\asm-9.7.jar;c:\Users\cauao\.vscode\extensions\vmware.vscode-spring-boot-1.56.0\language-server\BOOT-INF\lib\asm-analysis-9.7.jar;c:\Users\cauao\.vscode\extensions\vmware.vscode-spring-boot-1.56.0\language-server\BOOT-INF\lib\asm-tree-9.7.jar;c:\Users\cauao\.vscode\extensions\vmware.vscode-spring-boot-1.56.0\language-server\BOOT-INF\lib\asm-util-9.7.jar;c:\Users\cauao\.vscode\extensions\vmware.vscode-spring-boot-1.56.0\language-server\BOOT-INF\lib\caffeine-3.1.8.jar;c:\Users\cauao\.vscode\extensions\vmware.vscode-spring-boot-1.56.0\language-server\BOOT-INF\lib\checker-qual-3.12.0.jar;c:\Users\cauao\.vscode\extensions\vmware.vscode-spring-boot-1.56.0\language-server\BOOT-INF\lib\classgraph-4.8.149.jar;c:\Users\cauao\.vscode\extensions\vmware.vscode-spring-boot-1.56.0\language-server\BOOT-INF\lib\commons-codec-1.16.1.jar;c:\Users\cauao\.vscode\extensions\vmware.vscode-spring-boot-1.56.0\language-server\BOOT-INF\lib\commons-compress-1.26.2.jar;c:\Users\cauao\.vscode\extensions\vmware.vscode-spring-boot-1.56.0\language-server\BOOT-INF\lib\commons-io-2.16.1.jar;c:\Users\cauao\.vscode\extensions\vmware.vscode-spring-boot-1.56.0\language-server\BOOT-INF\lib\commons-java-1.56.0-SNAPSHOT.jar;c:\Users\cauao\.vscode\extensions\vmware.vscode-spring-boot-1.56.0\language-server\BOOT-INF\lib\commons-lang3-3.14.0.jar;c:\Users\cauao\.vscode\extensions\vmware.vscode-spring-boot-1.56.0\language-server\BOOT-INF\lib\commons-language-server-1.56.0-SNAPSHOT.jar;c:\Users\cauao\.vscode\extensions\vmware.vscode-spring-boot-1.56.0\langu
Launcher Type: SUN_STANDARD

[Global flags]
     intx CICompilerCount                          = 12                                        {product} {ergonomic}
     uint ConcGCThreads                            = 3                                         {product} {ergonomic}
     uint G1ConcRefinementThreads                  = 13                                        {product} {ergonomic}
   size_t G1HeapRegionSize                         = 1048576                                   {product} {ergonomic}
    uintx GCDrainStackTargetSize                   = 64                                        {product} {ergonomic}
   size_t InitialHeapSize                          = 165675008                                 {product} {ergonomic}
   size_t MarkStackSize                            = 4194304                                   {product} {ergonomic}
   size_t MaxHeapSize                              = 1073741824                                {product} {command line}
   size_t MaxNewSize                               = 643825664                                 {product} {ergonomic}
   size_t MinHeapDeltaBytes                        = 1048576                                   {product} {ergonomic}
   size_t MinHeapSize                              = 8388608                                   {product} {ergonomic}
    uintx NonProfiledCodeHeapSize                  = 0                                      {pd product} {ergonomic}
     bool ProfileInterpreter                       = false                                  {pd product} {command line}
    uintx ProfiledCodeHeapSize                     = 0                                      {pd product} {ergonomic}
   size_t SoftMaxHeapSize                          = 1073741824                             {manageable} {ergonomic}
     intx TieredStopAtLevel                        = 1                                         {product} {command line}
     bool UseCompressedClassPointers               = true                           {product lp64_product} {ergonomic}
     bool UseCompressedOops                        = true                           {product lp64_product} {ergonomic}
     bool UseG1GC                                  = true                                      {product} {ergonomic}
     bool UseLargePagesIndividualAllocation        = false                                  {pd product} {ergonomic}

Logging:
Log output configuration:
 #0: stdout all=warning,jni+resolve=off uptime,level,tags
 #1: stderr all=off uptime,level,tags

Environment Variables:
JAVA_HOME=C:\Program Files\Java\jdk-21
PATH=C:\Program Files\Microsoft MPI\Bin\;C:\Python312\Scripts\;C:\Python312\;C:\Program Files\Common Files\Oracle\Java\javapath;C:\Windows\system32;C:\Windows;C:\Windows\System32\Wbem;C:\Windows\System32\WindowsPowerShell\v1.0\;C:\Windows\System32\OpenSSH\;C:\Program Files\Git\cmd;C:\Program Files\Java\jdk-21\bin;C:\Program Files\nodejs\;C:\ProgramData\chocolatey\bin;C:\Program Files\apache-maven-3.9.6-bin\apache-maven-3.9.6\bin;C:\Program Files\Microsoft SQL Server\160\DTS\Binn\;C:\Program Files (x86)\Microsoft SQL Server\160\DTS\Binn\;C:\Program Files (x86)\Microsoft SQL Server\160\Tools\Binn\;C:\Program Files\Microsoft SQL Server\160\Tools\Binn\;C:\Program Files\Microsoft SQL Server\Client SDK\ODBC\170\Tools\Binn\;C:\Program Files\MySQL\MySQL Shell 8.0\bin\;C:\Users\cauao\AppData\Local\Microsoft\WindowsApps;C:\Users\cauao\AppData\Local\Programs\Microsoft VS Code\bin;C:\Users\cauao\AppData\Roaming\npm;C:\Users\cauao\AppData\Local\Programs\mongosh\;C:\Program Files\heroku\bin
USERNAME=cauao
OS=Windows_NT
PROCESSOR_IDENTIFIER=AMD64 Family 23 Model 104 Stepping 1, AuthenticAMD
TMP=C:\Users\cauao\AppData\Local\Temp
TEMP=C:\Users\cauao\AppData\Local\Temp



Periodic native trim disabled


---------------  S Y S T E M  ---------------

OS:
 Windows 11 , 64 bit Build 22621 (10.0.22621.3958)
OS uptime: 10 days 16:03 hours
Hyper-V role detected

CPU: total 16 (initial active 16) (16 cores per cpu, 2 threads per core) family 23 model 104 stepping 1 microcode 0x0, cx8, cmov, fxsr, ht, mmx, 3dnowpref, sse, sse2, sse3, ssse3, sse4a, sse4.1, sse4.2, popcnt, lzcnt, tsc, tscinvbit, avx, avx2, aes, clmul, bmi1, bmi2, adx, sha, fma, vzeroupper, clflush, clflushopt, hv
Processor Information for all 16 processors :
  Max Mhz: 1801, Current Mhz: 1801, Mhz Limit: 1801

Memory: 4k page, system-wide physical 10085M (1040M free)
TotalPageFile size 40805M (AvailPageFile size 7M)
current process WorkingSet (physical memory assigned to process): 74M, peak: 287M
current process commit charge ("private bytes"): 327M, peak: 403M

vm_info: OpenJDK 64-Bit Server VM (17.0.12+7) for windows-amd64 JRE (17.0.12+7), built on Jul 16 2024 22:08:24 by "admin" with MS VC++ 16.10 / 16.11 (VS2019)

END.
